{"/Users/carlos/Documents/Exercises/task-manager-app/server/api/src/constants/mockUserData.ts": {"path":"/Users/carlos/Documents/Exercises/task-manager-app/server/api/src/constants/mockUserData.ts","statementMap":{"0":{"start":{"line":27,"column":13},"end":{"line":27,"column":26}},"1":{"start":{"line":1,"column":13},"end":{"line":1,"column":26}},"2":{"start":{"line":3,"column":13},"end":{"line":3,"column":23}},"3":{"start":{"line":20,"column":13},"end":{"line":20,"column":27}},"4":{"start":{"line":1,"column":29},"end":{"line":1,"column":null}},"5":{"start":{"line":3,"column":26},"end":{"line":18,"column":null}},"6":{"start":{"line":20,"column":30},"end":{"line":25,"column":null}},"7":{"start":{"line":27,"column":29},"end":{"line":30,"column":null}}},"fnMap":{},"branchMap":{},"s":{"0":2,"1":2,"2":1,"3":4,"4":1,"5":1,"6":1,"7":1},"f":{},"b":{}}
,"/Users/carlos/Documents/Exercises/task-manager-app/server/api/src/controllers/auth.controllers.ts": {"path":"/Users/carlos/Documents/Exercises/task-manager-app/server/api/src/controllers/auth.controllers.ts","statementMap":{"0":{"start":{"line":19,"column":13},"end":{"line":19,"column":18}},"1":{"start":{"line":7,"column":13},"end":{"line":7,"column":19}},"2":{"start":{"line":39,"column":13},"end":{"line":39,"column":19}},"3":{"start":{"line":2,"column":26},"end":{"line":2,"column":null}},"4":{"start":{"line":4,"column":26},"end":{"line":4,"column":null}},"5":{"start":{"line":7,"column":38},"end":{"line":17,"column":null}},"6":{"start":{"line":8,"column":2},"end":{"line":16,"column":null}},"7":{"start":{"line":9,"column":29},"end":{"line":9,"column":37}},"8":{"start":{"line":10,"column":17},"end":{"line":10,"column":null}},"9":{"start":{"line":11,"column":4},"end":{"line":13,"column":null}},"10":{"start":{"line":15,"column":4},"end":{"line":15,"column":null}},"11":{"start":{"line":19,"column":37},"end":{"line":37,"column":null}},"12":{"start":{"line":20,"column":2},"end":{"line":36,"column":null}},"13":{"start":{"line":21,"column":32},"end":{"line":21,"column":40}},"14":{"start":{"line":22,"column":17},"end":{"line":22,"column":null}},"15":{"start":{"line":23,"column":4},"end":{"line":25,"column":null}},"16":{"start":{"line":24,"column":6},"end":{"line":24,"column":null}},"17":{"start":{"line":27,"column":17},"end":{"line":27,"column":29}},"18":{"start":{"line":28,"column":4},"end":{"line":33,"column":null}},"19":{"start":{"line":29,"column":24},"end":{"line":29,"column":null}},"20":{"start":{"line":30,"column":6},"end":{"line":30,"column":null}},"21":{"start":{"line":32,"column":6},"end":{"line":32,"column":null}},"22":{"start":{"line":35,"column":4},"end":{"line":35,"column":null}},"23":{"start":{"line":39,"column":22},"end":{"line":45,"column":null}},"24":{"start":{"line":40,"column":2},"end":{"line":44,"column":null}},"25":{"start":{"line":41,"column":4},"end":{"line":41,"column":null}},"26":{"start":{"line":43,"column":4},"end":{"line":43,"column":null}}},"fnMap":{"0":{"name":"(anonymous_4)","decl":{"start":{"line":7,"column":38},"end":{"line":7,"column":45}},"loc":{"start":{"line":7,"column":55},"end":{"line":17,"column":null}}},"1":{"name":"(anonymous_5)","decl":{"start":{"line":19,"column":37},"end":{"line":19,"column":44}},"loc":{"start":{"line":19,"column":54},"end":{"line":37,"column":null}}},"2":{"name":"(anonymous_6)","decl":{"start":{"line":39,"column":22},"end":{"line":39,"column":29}},"loc":{"start":{"line":39,"column":65},"end":{"line":45,"column":null}}}},"branchMap":{"0":{"loc":{"start":{"line":11,"column":4},"end":{"line":13,"column":null}},"type":"cond-expr","locations":[{"start":{"line":12,"column":8},"end":{"line":12,"column":null}},{"start":{"line":13,"column":8},"end":{"line":13,"column":null}}]},"1":{"loc":{"start":{"line":23,"column":4},"end":{"line":25,"column":null}},"type":"if","locations":[{"start":{"line":23,"column":4},"end":{"line":25,"column":null}}]},"2":{"loc":{"start":{"line":28,"column":4},"end":{"line":33,"column":null}},"type":"if","locations":[{"start":{"line":28,"column":4},"end":{"line":33,"column":null}},{"start":{"line":31,"column":11},"end":{"line":33,"column":null}}]},"3":{"loc":{"start":{"line":28,"column":8},"end":{"line":28,"column":77}},"type":"binary-expr","locations":[{"start":{"line":28,"column":8},"end":{"line":28,"column":17}},{"start":{"line":28,"column":17},"end":{"line":28,"column":77}}]}},"s":{"0":2,"1":2,"2":0,"3":1,"4":1,"5":1,"6":2,"7":2,"8":2,"9":2,"10":0,"11":1,"12":2,"13":2,"14":2,"15":2,"16":1,"17":1,"18":1,"19":1,"20":1,"21":0,"22":1,"23":1,"24":0,"25":0,"26":0},"f":{"0":2,"1":2,"2":0},"b":{"0":[1,1],"1":[1],"2":[1,0],"3":[1,1]}}
}
