TN:
SF:src/constants/mockUserData.ts
FNF:0
FNH:0
DA:1,2
DA:3,1
DA:20,4
DA:27,2
LF:4
LH:4
BRF:0
BRH:0
end_of_record
TN:
SF:src/controllers/auth.controllers.ts
FN:7,(anonymous_4)
FN:19,(anonymous_5)
FN:39,(anonymous_6)
FNF:3
FNH:2
FNDA:2,(anonymous_4)
FNDA:2,(anonymous_5)
FNDA:0,(anonymous_6)
DA:2,1
DA:4,1
DA:7,2
DA:8,2
DA:9,2
DA:10,2
DA:11,2
DA:15,0
DA:19,2
DA:20,2
DA:21,2
DA:22,2
DA:23,2
DA:24,1
DA:27,1
DA:28,1
DA:29,1
DA:30,1
DA:32,0
DA:35,1
DA:39,1
DA:40,0
DA:41,0
DA:43,0
LF:24
LH:19
BRDA:11,0,0,1
BRDA:11,0,1,1
BRDA:23,1,0,1
BRDA:28,2,0,1
BRDA:28,2,1,0
BRDA:28,3,0,1
BRDA:28,3,1,1
BRF:7
BRH:6
end_of_record
